<?xml version="1.0" encoding="UTF-8"?>
<!-- Generated by org.testng.reporters.JUnitReportReporter -->
<testsuite hostname="DESKTOP-00F8VL6" failures="0" tests="2" name="com.testNG.training.SampleTesttwo" time="0.013" errors="0" timestamp="19 Sep 2024 04:21:32 GMT" skipped="0">
  <testcase classname="com.testNG.training.SampleTesttwo" name="sampleTest2MethodTwo" time="0.011"/>
  <testcase classname="com.testNG.training.SampleTesttwo" name="sampleTest2MethodOne" time="0.002"/>
</testsuite> <!-- com.testNG.training.SampleTesttwo -->
