<?xml version="1.0" encoding="UTF-8"?>
<!-- Generated by org.testng.reporters.JUnitReportReporter -->
<testsuite hostname="DESKTOP-00F8VL6" failures="0" tests="2" name="com.testNG.training.TestParameteres" time="0.004" errors="0" timestamp="20 Sep 2024 15:33:55 GMT" skipped="0">
  <testcase classname="com.testNG.training.TestParameteres" name="testCaseOne" time="0.003"/>
  <testcase classname="com.testNG.training.TestParameteres" name="testCaseTwo" time="0.001"/>
</testsuite> <!-- com.testNG.training.TestParameteres -->
