<?xml version="1.0" encoding="UTF-8"?>
<!-- Generated by org.testng.reporters.JUnitReportReporter -->
<testsuite hostname="DESKTOP-00F8VL6" failures="0" tests="2" name="com.testNG.training.SampleTestOne" time="0.007" errors="0" timestamp="19 Sep 2024 04:21:32 GMT" skipped="0">
  <testcase classname="com.testNG.training.SampleTestOne" name="sampleTest1MethodOne" time="0.003"/>
  <testcase classname="com.testNG.training.SampleTestOne" name="sampleTest1MethodTwo" time="0.004"/>
</testsuite> <!-- com.testNG.training.SampleTestOne -->
