<?xml version="1.0" encoding="UTF-8"?>
<!-- Generated by org.testng.reporters.JUnitReportReporter -->
<testsuite hostname="DESKTOP-00F8VL6" failures="0" tests="3" name="dataprovider.DataProviderParameterExample" time="0.018" errors="0" timestamp="20 Sep 2024 16:24:38 GMT" skipped="0">
  <testcase classname="dataprovider.DataProviderParameterExample" name="scenario3" time="0.003"/>
  <testcase classname="dataprovider.DataProviderParameterExample" name="scenario2" time="0.004"/>
  <testcase classname="dataprovider.DataProviderParameterExample" name="scenario1" time="0.011"/>
</testsuite> <!-- dataprovider.DataProviderParameterExample -->
