<?xml version="1.0" encoding="UTF-8"?>
<!-- Generated by org.testng.reporters.JUnitReportReporter -->
<testsuite hostname="DESKTOP-00F8VL6" failures="0" tests="2" name="myTestngPack.FacebookLogin" time="0.083" errors="0" timestamp="19 Sep 2024 04:21:32 GMT" skipped="0">
  <testcase classname="myTestngPack.FacebookLogin" name="loginWithInvalidCredentials" time="0.080"/>
  <testcase classname="myTestngPack.FacebookLogin" name="loginWithValidCredentials" time="0.003"/>
</testsuite> <!-- myTestngPack.FacebookLogin -->
