<?xml version="1.0" encoding="UTF-8"?>
<!-- Generated by org.testng.reporters.JUnitReportReporter -->
<testsuite hostname="DESKTOP-00F8VL6" failures="0" tests="1" name="dataprovider.DataProviderAcceptanceExample" time="0.004" errors="0" timestamp="20 Sep 2024 16:24:38 GMT" skipped="0">
  <testcase classname="dataprovider.DataProviderAcceptanceExample" name="acceptanceTest" time="0.004"/>
</testsuite> <!-- dataprovider.DataProviderAcceptanceExample -->
