<?xml version="1.0" encoding="UTF-8"?>
<!-- Generated by org.testng.reporters.JUnitReportReporter -->
<testsuite hostname="DESKTOP-00F8VL6" failures="0" tests="2" name="executionOrder.AnnotationOrder" time="0.011" errors="0" timestamp="20 Sep 2024 15:33:55 GMT" skipped="0">
  <testcase classname="executionOrder.AnnotationOrder" name="second" time="0.004"/>
  <testcase classname="executionOrder.AnnotationOrder" name="first" time="0.007"/>
</testsuite> <!-- executionOrder.AnnotationOrder -->
