<?xml version="1.0" encoding="UTF-8"?>
<!-- Generated by org.testng.reporters.JUnitReportReporter -->
<testsuite hostname="DESKTOP-00F8VL6" failures="0" tests="2" name="myTestngPack.FacebookProfileTest" time="0.009" errors="0" timestamp="19 Sep 2024 04:21:32 GMT" skipped="0">
  <testcase classname="myTestngPack.FacebookProfileTest" name="checkProfileLogo" time="0.005"/>
  <testcase classname="myTestngPack.FacebookProfileTest" name="checkProfileLink" time="0.004"/>
</testsuite> <!-- myTestngPack.FacebookProfileTest -->
