<?xml version="1.0" encoding="UTF-8"?>
<!-- Generated by org.testng.reporters.JUnitReportReporter -->
<testsuite hostname="DESKTOP-00F8VL6" failures="0" tests="2" name="dataprovider.TestParameterExample" time="0.017" errors="0" timestamp="19 Sep 2024 23:45:45 GMT" skipped="0">
  <testcase classname="dataprovider.TestParameterExample" name="TestAddition" time="0.014"/>
  <testcase classname="dataprovider.TestParameterExample" name="TestAddition" time="0.003"/>
</testsuite> <!-- dataprovider.TestParameterExample -->
