<?xml version="1.0" encoding="UTF-8"?>
<!-- Generated by org.testng.reporters.JUnitReportReporter -->
<testsuite hostname="DESKTOP-00F8VL6" failures="0" tests="4" name="com.testNG.training.SkippingExample" time="0.024" errors="0" timestamp="19 Sep 2024 06:43:35 GMT" skipped="2">
  <testcase classname="com.testNG.training.SkippingExample" name="test4" time="0.003"/>
  <testcase classname="com.testNG.training.SkippingExample" name="test3" time="0.004">
    <skipped/>
  </testcase> <!-- test3 -->
  <testcase classname="com.testNG.training.SkippingExample" name="test1" time="0.017"/>
  <testcase classname="com.testNG.training.SkippingExample" name="test2">
    <skipped/>
  </testcase> <!-- test2 -->
</testsuite> <!-- com.testNG.training.SkippingExample -->
