<?xml version="1.0" encoding="UTF-8"?>
<!-- Generated by org.testng.reporters.JUnitReportReporter -->
<testsuite hostname="DESKTOP-00F8VL6" failures="0" tests="4" name="com.testNG.training.PriorityExample" time="0.032" errors="0" timestamp="19 Sep 2024 11:21:18 GMT" skipped="0">
  <testcase classname="com.testNG.training.PriorityExample" name="test1" time="0.011"/>
  <testcase classname="com.testNG.training.PriorityExample" name="test2" time="0.001"/>
  <testcase classname="com.testNG.training.PriorityExample" name="test3" time="0.009"/>
  <testcase classname="com.testNG.training.PriorityExample" name="test4" time="0.011"/>
</testsuite> <!-- com.testNG.training.PriorityExample -->
